<?xml version="1.0" encoding="UTF-8"?>
<testng-results ignored="0" total="1" passed="1" failed="0" skipped="0">
  <reporter-output>
  </reporter-output>
  <suite started-at="2022-08-09T11:47:38 IST" name="Default suite" finished-at="2022-08-09T11:48:20 IST" duration-ms="42141">
    <groups>
    </groups>
    <test started-at="2022-08-09T11:47:38 IST" name="Default test" finished-at="2022-08-09T11:48:20 IST" duration-ms="42141">
      <class name="com.simplilearn.testng.AssertionExample">
        <test-method signature="testCase()[pri:0, instance:com.simplilearn.testng.AssertionExample@f736069]" started-at="2022-08-09T11:47:38 IST" name="testCase" finished-at="2022-08-09T11:48:20 IST" duration-ms="42102" status="PASS">
          <reporter-output>
          </reporter-output>
        </test-method> <!-- testCase -->
      </class> <!-- com.simplilearn.testng.AssertionExample -->
    </test> <!-- Default test -->
  </suite> <!-- Default suite -->
</testng-results>
